  Контрольная работа.cpp
C:\Users\user\Desktop\OOP-C-\Контрольная работа\Контрольная работа\Контрольная работа.cpp(66,29): error C2676: бинарный ">": "Furniture" не определяет этот оператор или преобразование к типу приемлемо к встроенному оператору
      C:\Program Files\Microsoft Visual Studio\2022\Community\VC\Tools\MSVC\14.41.34120\include\memory(3730,30):
      может быть "bool std::operator >(std::nullptr_t,const std::unique_ptr<_Ty,_Dx> &)"
          C:\Users\user\Desktop\OOP-C-\Контрольная работа\Контрольная работа\Контрольная работа.cpp(66,17):
          'bool std::operator >(std::nullptr_t,const std::unique_ptr<_Ty,_Dx> &)': не удалось вывести аргумент шаблон для 'const std::unique_ptr<_Ty,_Dx> &' из 'Furniture'
      C:\Program Files\Microsoft Visual Studio\2022\Community\VC\Tools\MSVC\14.41.34120\include\memory(3725,30):
      или       "bool std::operator >(const std::unique_ptr<_Ty,_Dx> &,std::nullptr_t)"
          C:\Users\user\Desktop\OOP-C-\Контрольная работа\Контрольная работа\Контрольная работа.cpp(66,17):
          'bool std::operator >(const std::unique_ptr<_Ty,_Dx> &,std::nullptr_t)': не удалось вывести аргумент шаблон для 'const std::unique_ptr<_Ty,_Dx> &' из 'Furniture'
      C:\Program Files\Microsoft Visual Studio\2022\Community\VC\Tools\MSVC\14.41.34120\include\memory(3658,17):
      или       "bool std::operator >(const std::unique_ptr<_Ty,_Dx> &,const std::unique_ptr<_Ty2,_Dx2> &)"
          C:\Users\user\Desktop\OOP-C-\Контрольная работа\Контрольная работа\Контрольная работа.cpp(66,17):
          'bool std::operator >(const std::unique_ptr<_Ty,_Dx> &,const std::unique_ptr<_Ty2,_Dx2> &)': не удалось вывести аргумент шаблон для 'const std::unique_ptr<_Ty,_Dx> &' из 'Furniture'
      C:\Program Files\Microsoft Visual Studio\2022\Community\VC\Tools\MSVC\14.41.34120\include\memory(1963,17):
      или       "bool std::operator >(std::nullptr_t,const std::shared_ptr<_Ty> &) noexcept"
          C:\Users\user\Desktop\OOP-C-\Контрольная работа\Контрольная работа\Контрольная работа.cpp(66,17):
          'bool std::operator >(std::nullptr_t,const std::shared_ptr<_Ty> &) noexcept': не удалось вывести аргумент шаблон для 'const std::shared_ptr<_Ty> &' из 'Furniture'
      C:\Program Files\Microsoft Visual Studio\2022\Community\VC\Tools\MSVC\14.41.34120\include\memory(1958,17):
      или       "bool std::operator >(const std::shared_ptr<_Ty> &,std::nullptr_t) noexcept"
          C:\Users\user\Desktop\OOP-C-\Контрольная работа\Контрольная работа\Контрольная работа.cpp(66,17):
          'bool std::operator >(const std::shared_ptr<_Ty> &,std::nullptr_t) noexcept': не удалось вывести аргумент шаблон для 'const std::shared_ptr<_Ty> &' из 'Furniture'
      C:\Program Files\Microsoft Visual Studio\2022\Community\VC\Tools\MSVC\14.41.34120\include\memory(1901,17):
      или       "bool std::operator >(const std::shared_ptr<_Ty> &,const std::shared_ptr<_Ty0> &) noexcept"
          C:\Users\user\Desktop\OOP-C-\Контрольная работа\Контрольная работа\Контрольная работа.cpp(66,17):
          'bool std::operator >(const std::shared_ptr<_Ty> &,const std::shared_ptr<_Ty0> &) noexcept': не удалось вывести аргумент шаблон для 'const std::shared_ptr<_Ty> &' из 'Furniture'
      C:\Program Files\Microsoft Visual Studio\2022\Community\VC\Tools\MSVC\14.41.34120\include\xstring(3312,17):
      или       "bool std::operator >(const std::basic_string<_Elem,_Traits,_Alloc> &,const _Elem *const ) noexcept"
          C:\Users\user\Desktop\OOP-C-\Контрольная работа\Контрольная работа\Контрольная работа.cpp(66,17):
          'bool std::operator >(const std::basic_string<_Elem,_Traits,_Alloc> &,const _Elem *const ) noexcept': не удалось вывести аргумент шаблон для 'const std::basic_string<_Elem,_Traits,_Alloc> &' из 'Furniture'
      C:\Program Files\Microsoft Visual Studio\2022\Community\VC\Tools\MSVC\14.41.34120\include\xstring(3306,17):
      или       "bool std::operator >(const _Elem *const ,const std::basic_string<_Elem,_Traits,_Alloc> &) noexcept"
          C:\Users\user\Desktop\OOP-C-\Контрольная работа\Контрольная работа\Контрольная работа.cpp(66,17):
          'bool std::operator >(const _Elem *const ,const std::basic_string<_Elem,_Traits,_Alloc> &) noexcept': не удалось вывести аргумент шаблон для 'const _Elem *const ' из 'Furniture'
      C:\Program Files\Microsoft Visual Studio\2022\Community\VC\Tools\MSVC\14.41.34120\include\xstring(3300,17):
      или       "bool std::operator >(const std::basic_string<_Elem,_Traits,_Alloc> &,const std::basic_string<_Elem,_Traits,_Alloc> &) noexcept"
          C:\Users\user\Desktop\OOP-C-\Контрольная работа\Контрольная работа\Контрольная работа.cpp(66,17):
          'bool std::operator >(const std::basic_string<_Elem,_Traits,_Alloc> &,const std::basic_string<_Elem,_Traits,_Alloc> &) noexcept': не удалось вывести аргумент шаблон для 'const std::basic_string<_Elem,_Traits,_Alloc> &' из 'Furniture'
      C:\Program Files\Microsoft Visual Studio\2022\Community\VC\Tools\MSVC\14.41.34120\include\xutility(4408,30):
      или       "bool std::operator >(const std::move_iterator<_Iter> &,const std::move_iterator<_Iter2> &) noexcept(<expr>)"
          C:\Users\user\Desktop\OOP-C-\Контрольная работа\Контрольная работа\Контрольная работа.cpp(66,17):
          'bool std::operator >(const std::move_iterator<_Iter> &,const std::move_iterator<_Iter2> &) noexcept(<expr>)': не удалось вывести аргумент шаблон для 'const std::move_iterator<_Iter> &' из 'Furniture'
      C:\Program Files\Microsoft Visual Studio\2022\Community\VC\Tools\MSVC\14.41.34120\include\xutility(1865,5):
      или       "bool std::operator >(const std::reverse_iterator<_BidIt> &,const std::reverse_iterator<_BidIt2> &) noexcept(<expr>)"
          C:\Users\user\Desktop\OOP-C-\Контрольная работа\Контрольная работа\Контрольная работа.cpp(66,17):
          'bool std::operator >(const std::reverse_iterator<_BidIt> &,const std::reverse_iterator<_BidIt2> &) noexcept(<expr>)': не удалось вывести аргумент шаблон для 'const std::reverse_iterator<_BidIt> &' из 'Furniture'
      C:\Program Files\Microsoft Visual Studio\2022\Community\VC\Tools\MSVC\14.41.34120\include\utility(509,27):
      или       "bool std::operator >(const std::pair<_Ty1,_Ty2> &,const std::pair<_Uty1,_Uty2> &)"
          C:\Users\user\Desktop\OOP-C-\Контрольная работа\Контрольная работа\Контрольная работа.cpp(66,17):
          'bool std::operator >(const std::pair<_Ty1,_Ty2> &,const std::pair<_Uty1,_Uty2> &)': не удалось вывести аргумент шаблон для 'const std::pair<_Ty1,_Ty2> &' из 'Furniture'
  
